메인코드 출력 결과 호출위치 : 상품관리전송 시간 : 2016-01-19 05:35:43 
result_msg : 정상 조회 되었습니다., result_cnt : 4
전송 시간 : 2016-01-19 08:32:50결과 
{"result_msg":"정상적으로 일괄등록 되었습니다.","result_code":"OK","result_log":[" <b>line 0<\/b> : 08610700 : 디스6.5mg(KT&G :   ☞ <font color=#0066FF>정상등록<\/font> "]}
전송 시간 : 2016-01-19 09:45:50결과 
{"result_msg":"정상적으로 일괄등록 되었습니다.","result_code":"OK","result_log":[" <b>line 0<\/b> : 08610700 : 디스6.5mg(KT&G :   ☞ <font color=#006600>UPDATE<\/font> 고유번호 : 44553"]}
앱설치현황 출력 결과 호출위치 : 앱설치 현황전송 시간 : 2016-01-19 10:39:40 
resultcode : OK result_msg : 정상 발송 하였습니다. result_cnt : ["ffffffff-8b46-661f-af46-61cc4274664c : "]
앱설치현황 출력 결과 호출위치 : 앱설치 현황전송 시간 : 2016-01-20 14:49:58 
resultcode : OK result_msg : 정상 발송 하였습니다. result_cnt : ["ffffffff-8b46-661f-af46-61cc4274664c : "]
메인코드 출력 결과 호출위치 : 상품관리전송 시간 : 2016-01-21 11:19:26 
result_msg : 정상 조회 되었습니다., result_cnt : 2
메인코드 출력 결과 호출위치 : 상품관리전송 시간 : 2016-01-21 14:47:06 
result_msg : 정상 조회 되었습니다., result_cnt : 4
전송 시간 : 2016-01-21 14:48:15결과 
{"result_msg":"정상적으로 일괄등록 되었습니다.","result_code":"OK","result_log":[" <b>line 0<\/b> : 08681000 : 큐브치즈(플레인 :   ☞ <font color=#0066FF>정상등록<\/font> "," <b>line 1<\/b> : 08681000 : 큐브치즈(플레인,햄,토마토 :   ☞ <font color=#0066FF>정상등록<\/font> "," <b>line 2<\/b> : 08681000 : 큐브치즈(블루,플레인,체다 :   ☞ <font color=#0066FF>정상등록<\/font> "," <b>line 3<\/b> : 08681000 : 큐브치즈(베이컨,피자맛 :   ☞ <font color=#0066FF>정상등록<\/font> "," <b>line 4<\/b> : 08610200 : 페레로로쉐T24(콜렉션 :   ☞ <font color=#0066FF>정상등록<\/font> "," <b>line 5<\/b> : 08660600 : 그린자이언트(청정원 :   ☞ <font color=#0066FF>정상등록<\/font> "," <b>line 6<\/b> : 08660600 : 그린자이언트니블렛스 :   ☞ <font color=#0066FF>정상등록<\/font> "," <b>line 7<\/b> : 08660100 : 콘스프(보노 :   ☞ <font color=#0066FF>정상등록<\/font> "," <b>line 8<\/b> : 08660100 : 포르치니버섯스프(보노 :   ☞ <font color=#0066FF>정상등록<\/font> "," <b>line 9<\/b> : 08660100 : 포타주(보노 :   ☞ <font color=#0066FF>정상등록<\/font> "," <b>line 10<\/b> : 08660100 : 포테이토스프(보노 :   ☞ <font color=#0066FF>정상등록<\/font> "," <b>line 11<\/b> : 08660100 : 체다치즈스프(보노 :   ☞ <font color=#0066FF>정상등록<\/font> "," <b>line 12<\/b> : 08620200 : 아와세된장(봉지 :   ☞ <font color=#0066FF>정상등록<\/font> "," <b>line 13<\/b> : 08610700 : 디스6.5mg(KT&G :   ☞ <font color=#0066FF>정상등록<\/font> "]}
메인코드 출력 결과 호출위치 : 상품관리전송 시간 : 2016-01-26 19:43:17 
result_msg : 정상 조회 되었습니다., result_cnt : 2
메인코드 출력 결과 호출위치 : 상품관리전송 시간 : 2016-01-26 19:56:39 
result_msg : 정상 조회 되었습니다., result_cnt : 2
메인코드 출력 결과 호출위치 : 상품관리전송 시간 : 2016-01-26 19:57:49 
result_msg : 정상 조회 되었습니다., result_cnt : 4
전송 시간 : 2016-01-26 19:58:25
전송 위치 : 상품상세보기 수정 
 전송 결과 
{"result_msg":"정상적으로 일괄등록 되었습니다.","result_code":"OK","result_log":[" <b>line 0<\/b> : 01010100 : 부추 :   ☞ <font color=#0066FF>정상등록<\/font> "]}
전송 시간 : 2016-01-26 19:58:30
전송 위치 : 상품상세보기 수정 
 전송 결과 
{"result_msg":"정상적으로 일괄등록 되었습니다.","result_code":"OK","result_log":[" <b>line 0<\/b> : 01010100 : 실파 :   ☞ <font color=#0066FF>정상등록<\/font> "]}
메인코드 출력 결과 호출위치 : 상품관리전송 시간 : 2016-01-27 21:15:15 
result_msg : 정상 조회 되었습니다., result_cnt : 4
메인코드 출력 결과 호출위치 : 상품관리전송 시간 : 2016-01-28 18:46:26 
result_msg : 정상 조회 되었습니다., result_cnt : 4
메인코드 출력 결과 호출위치 : 상품관리전송 시간 : 2016-01-28 18:55:17 
result_msg : 정상 조회 되었습니다., result_cnt : 4
메인코드 출력 결과 호출위치 : 상품관리전송 시간 : 2016-01-28 18:55:36 
result_msg : 정상 조회 되었습니다., result_cnt : 4
메인코드 출력 결과 호출위치 : 상품관리전송 시간 : 2016-01-28 19:06:58 
result_msg : 정상 조회 되었습니다., result_cnt : 4
